[2026-02-24 15:42:17] [Config] 2026-02-24_154156.md (prompt=21chars response=584chars)
[2026-02-24 15:45:16] [Git-Workflow] 2026-02-24_154433.md (prompt=17chars response=305chars)
[2026-02-24 15:57:12] [General] 2026-02-24_154849.md (prompt=201chars response=731chars)
[2026-02-24 16:02:04] [General] 2026-02-24_155748.md (prompt=56chars response=349chars)
[2026-02-24 16:13:12] [UI] 2026-02-24_160654.md (prompt=176chars response=1363chars)
[2026-02-24 16:31:35] [UI] 2026-02-24_161808.md (prompt=379chars response=1165chars)
[2026-02-24 16:45:30] [UI] 2026-02-24_163937.md (prompt=477chars response=1663chars)
[2026-02-24 16:51:03] [Git-Workflow] 2026-02-24_164635.md (prompt=22chars response=1079chars)
[2026-02-24 17:13:37] [General] 2026-02-24_170036.md (prompt=284chars response=839chars)
[2026-02-24 18:38:55] [General] 2026-02-24_183214.md (prompt=9chars response=484chars)
[2026-02-24 18:44:06] [General] 2026-02-24_183856.md (prompt=38chars response=959chars)
[2026-02-24 18:54:03] [Git-Workflow] 2026-02-24_184731.md (prompt=245chars response=631chars)
[2026-02-24 18:55:10] [General] 2026-02-24_185503.md (prompt=24chars response=22chars)
[2026-02-25 07:53:37] [General] 2026-02-25_075321.md (prompt=60chars response=531chars)
[2026-02-25 08:03:47] [General] 2026-02-25_075801.md (prompt=246chars response=700chars)
[2026-02-25 08:04:49] [General] 2026-02-25_080430.md (prompt=71chars response=367chars)
[2026-02-25 08:09:43] [General] 2026-02-25_080623.md (prompt=58chars response=511chars)
[2026-02-25 08:10:57] [General] 2026-02-25_081000.md (prompt=11chars response=236chars)
[2026-02-25 08:13:55] [General] 2026-02-25_081105.md (prompt=36chars response=443chars)
[2026-02-25 08:16:34] [General] 2026-02-25_081429.md (prompt=51chars response=441chars)
[2026-02-25 08:17:06] [General] 2026-02-25_081653.md (prompt=42chars response=60chars)
[2026-02-25 08:19:11] [General] 2026-02-25_081848.md (prompt=10chars response=65chars)
[2026-02-25 08:23:00] [General] 2026-02-25_081959.md (prompt=16chars response=39chars)
[2026-02-25 08:30:52] [General] 2026-02-25_082800.md (prompt=315chars response=231chars)
[2026-02-25 08:33:29] [General] 2026-02-25_083205.md (prompt=70chars response=322chars)
[2026-02-25 08:35:49] [General] 2026-02-25_083417.md (prompt=73chars response=324chars)
[2026-02-25 08:39:57] [General] 2026-02-25_083833.md (prompt=51chars response=270chars)
[2026-02-25 08:41:57] [General] 2026-02-25_084054.md (prompt=24chars response=190chars)
[2026-02-25 08:45:23] [General] 2026-02-25_084352.md (prompt=94chars response=240chars)
[2026-02-25 08:46:59] [General] 2026-02-25_084601.md (prompt=23chars response=737chars)
[2026-02-25 08:50:01] [General] 2026-02-25_084836.md (prompt=22chars response=226chars)
[2026-02-25 08:52:31] [General] 2026-02-25_085036.md (prompt=51chars response=248chars)
[2026-02-25 08:58:47] [General] 2026-02-25_085250.md (prompt=15chars response=457chars)
[2026-02-25 09:00:45] [General] 2026-02-25_090016.md (prompt=14chars response=559chars)
[2026-02-25 09:07:19] [General] 2026-02-25_090656.md (prompt=932chars response=539chars)
[2026-02-25 09:11:28] [UI] 2026-02-25_090843.md (prompt=36chars response=600chars)
[2026-02-25 09:34:37] [General] 2026-02-25_092700.md (prompt=563chars response=649chars)
[2026-02-25 09:35:44] [General] 2026-02-25_093506.md (prompt=9chars response=225chars)
[2026-02-25 09:35:52] [General] 2026-02-25_093544.md (prompt=545chars response=49chars)
[2026-02-25 09:37:44] [General] 2026-02-25_093657.md (prompt=8chars response=289chars)
[2026-02-25 09:45:40] [General] 2026-02-25_094049.md (prompt=186chars response=251chars)
[2026-02-25 10:05:56] [UI] 2026-02-25_095257.md (prompt=476chars response=516chars)
[2026-02-25 10:12:02] [UI] 2026-02-25_100851.md (prompt=90chars response=400chars)
[2026-02-25 10:17:06] [General] 2026-02-25_101215.md (prompt=72chars response=374chars)
[2026-02-25 10:36:39] [General] 2026-02-25_101817.md (prompt=39chars response=703chars)
[2026-02-25 10:38:26] [General] 2026-02-25_103640.md (prompt=48chars response=543chars)
[2026-02-25 14:26:01] [General] 2026-02-25_125857.md (prompt=20chars response=176chars)
[2026-02-25 14:27:22] [General] 2026-02-25_142631.md (prompt=7chars response=83chars)
[2026-02-25 14:27:33] [General] 2026-02-25_142723.md (prompt=560chars response=71chars)
[2026-02-25 14:57:42] [Debugging] 2026-02-25_143153.md (prompt=32chars response=675chars)
[2026-02-25 15:01:24] [UI] 2026-02-25_145746.md (prompt=112chars response=639chars)
[2026-02-25 15:01:35] [General] 2026-02-25_150126.md (prompt=568chars response=40chars)
[2026-02-25 15:04:52] [General] 2026-02-25_150424.md (prompt=7chars response=46chars)
[2026-02-25 15:05:04] [General] 2026-02-25_150453.md (prompt=560chars response=48chars)
[2026-02-25 15:52:32] [UI] 2026-02-25_150545.md (prompt=21chars response=289chars)
[2026-02-25 15:52:39] [General] 2026-02-25_155234.md (prompt=544chars response=48chars)
[2026-02-25 15:58:53] [UI] 2026-02-25_155349.md (prompt=70chars response=815chars)
[2026-02-25 16:01:13] [UI] 2026-02-25_155917.md (prompt=44chars response=1538chars)
[2026-02-25 16:03:37] [General] 2026-02-25_160153.md (prompt=9chars response=1057chars)
[2026-02-25 16:06:13] [General] 2026-02-25_160514.md (prompt=5chars response=789chars)
[2026-02-25 16:09:40] [General] 2026-02-25_160644.md (prompt=39chars response=463chars)
[2026-02-25 16:15:03] [General] 2026-02-25_161129.md (prompt=8chars response=75chars)
[2026-02-25 16:17:59] [Git-Workflow] 2026-02-25_161525.md (prompt=41chars response=745chars)
[2026-02-25 16:32:39] [General] 2026-02-25_163055.md (prompt=9chars response=8chars)
[2026-02-25 16:32:51] [General] 2026-02-25_163240.md (prompt=548chars response=38chars)
[2026-02-25 17:12:24] [General] 2026-02-25_171128.md (prompt=9chars response=8chars)
[2026-02-25 17:12:29] [General] 2026-02-25_171225.md (prompt=548chars response=35chars)
